2026-03-12 20:37:40: (node:35) Warning: Setting the NODE_TLS_REJECT_UNAUTHORIZED environment variable to '0' makes TLS connections and HTTPS requests insecure by disabling certificate verification.
2026-03-12 20:37:40: (Use `node --trace-warnings ...` to show where the warning was created)
2026-03-12 20:41:45: CRITICAL: MONITOR_FATAL - request to https://oauth2.googleapis.com/token failed, reason: self-signed certificate in certificate chain
2026-03-12 20:41:51: CRITICAL: MONITOR_FATAL - request to https://oauth2.googleapis.com/token failed, reason: self-signed certificate in certificate chain
2026-03-12 20:41:57: CRITICAL: MONITOR_FATAL - request to https://oauth2.googleapis.com/token failed, reason: self-signed certificate in certificate chain
2026-03-12 20:42:03: CRITICAL: MONITOR_FATAL - request to https://oauth2.googleapis.com/token failed, reason: self-signed certificate in certificate chain
2026-03-12 20:42:09: CRITICAL: MONITOR_FATAL - request to https://oauth2.googleapis.com/token failed, reason: self-signed certificate in certificate chain
2026-03-12 20:42:16: CRITICAL: MONITOR_FATAL - request to https://oauth2.googleapis.com/token failed, reason: self-signed certificate in certificate chain
2026-03-12 20:42:22: CRITICAL: MONITOR_FATAL - request to https://oauth2.googleapis.com/token failed, reason: self-signed certificate in certificate chain
2026-03-12 20:42:28: CRITICAL: MONITOR_FATAL - request to https://oauth2.googleapis.com/token failed, reason: self-signed certificate in certificate chain
2026-03-12 20:42:34: CRITICAL: MONITOR_FATAL - request to https://oauth2.googleapis.com/token failed, reason: self-signed certificate in certificate chain
2026-03-12 20:42:41: CRITICAL: MONITOR_FATAL - request to https://oauth2.googleapis.com/token failed, reason: self-signed certificate in certificate chain
2026-03-12 20:42:47: CRITICAL: MONITOR_FATAL - request to https://oauth2.googleapis.com/token failed, reason: self-signed certificate in certificate chain
2026-03-12 20:42:53: CRITICAL: MONITOR_FATAL - request to https://oauth2.googleapis.com/token failed, reason: self-signed certificate in certificate chain
2026-03-12 20:42:59: CRITICAL: MONITOR_FATAL - request to https://oauth2.googleapis.com/token failed, reason: self-signed certificate in certificate chain
2026-03-12 20:43:06: CRITICAL: MONITOR_FATAL - request to https://oauth2.googleapis.com/token failed, reason: self-signed certificate in certificate chain
2026-03-12 20:43:12: CRITICAL: MONITOR_FATAL - request to https://oauth2.googleapis.com/token failed, reason: self-signed certificate in certificate chain
2026-03-12 20:43:18: CRITICAL: MONITOR_FATAL - request to https://oauth2.googleapis.com/token failed, reason: self-signed certificate in certificate chain
2026-03-12 20:43:25: CRITICAL: MONITOR_FATAL - request to https://oauth2.googleapis.com/token failed, reason: self-signed certificate in certificate chain
2026-03-12 20:43:31: CRITICAL: MONITOR_FATAL - request to https://oauth2.googleapis.com/token failed, reason: self-signed certificate in certificate chain
2026-03-12 20:43:37: CRITICAL: MONITOR_FATAL - request to https://oauth2.googleapis.com/token failed, reason: self-signed certificate in certificate chain
2026-03-12 20:43:43: CRITICAL: MONITOR_FATAL - request to https://oauth2.googleapis.com/token failed, reason: self-signed certificate in certificate chain
2026-03-12 20:43:50: CRITICAL: MONITOR_FATAL - request to https://oauth2.googleapis.com/token failed, reason: self-signed certificate in certificate chain
2026-03-12 20:43:56: CRITICAL: MONITOR_FATAL - request to https://oauth2.googleapis.com/token failed, reason: self-signed certificate in certificate chain
2026-03-12 20:44:03: CRITICAL: MONITOR_FATAL - request to https://oauth2.googleapis.com/token failed, reason: self-signed certificate in certificate chain
2026-03-12 20:44:09: CRITICAL: MONITOR_FATAL - request to https://oauth2.googleapis.com/token failed, reason: self-signed certificate in certificate chain
2026-03-12 20:44:15: CRITICAL: MONITOR_FATAL - request to https://oauth2.googleapis.com/token failed, reason: self-signed certificate in certificate chain
2026-03-12 20:44:21: CRITICAL: MONITOR_FATAL - request to https://oauth2.googleapis.com/token failed, reason: self-signed certificate in certificate chain
2026-03-12 20:44:27: CRITICAL: MONITOR_FATAL - request to https://oauth2.googleapis.com/token failed, reason: self-signed certificate in certificate chain
2026-03-12 20:44:33: CRITICAL: MONITOR_FATAL - request to https://oauth2.googleapis.com/token failed, reason: self-signed certificate in certificate chain
2026-03-12 20:44:40: CRITICAL: MONITOR_FATAL - request to https://oauth2.googleapis.com/token failed, reason: self-signed certificate in certificate chain
2026-03-12 20:44:46: CRITICAL: MONITOR_FATAL - request to https://oauth2.googleapis.com/token failed, reason: self-signed certificate in certificate chain
2026-03-12 20:44:52: CRITICAL: MONITOR_FATAL - request to https://oauth2.googleapis.com/token failed, reason: self-signed certificate in certificate chain
2026-03-12 20:44:59: CRITICAL: MONITOR_FATAL - request to https://oauth2.googleapis.com/token failed, reason: self-signed certificate in certificate chain
2026-03-12 20:45:05: CRITICAL: MONITOR_FATAL - request to https://oauth2.googleapis.com/token failed, reason: self-signed certificate in certificate chain
2026-03-12 20:45:11: CRITICAL: MONITOR_FATAL - request to https://oauth2.googleapis.com/token failed, reason: self-signed certificate in certificate chain
2026-03-12 20:45:17: CRITICAL: MONITOR_FATAL - request to https://oauth2.googleapis.com/token failed, reason: self-signed certificate in certificate chain
2026-03-12 20:45:23: CRITICAL: MONITOR_FATAL - request to https://oauth2.googleapis.com/token failed, reason: self-signed certificate in certificate chain
2026-03-12 20:45:30: CRITICAL: MONITOR_FATAL - request to https://oauth2.googleapis.com/token failed, reason: self-signed certificate in certificate chain
2026-03-12 20:45:36: CRITICAL: MONITOR_FATAL - request to https://oauth2.googleapis.com/token failed, reason: self-signed certificate in certificate chain
2026-03-12 20:45:42: CRITICAL: MONITOR_FATAL - request to https://oauth2.googleapis.com/token failed, reason: self-signed certificate in certificate chain
2026-03-12 20:45:48: CRITICAL: MONITOR_FATAL - request to https://oauth2.googleapis.com/token failed, reason: self-signed certificate in certificate chain
2026-03-12 20:45:54: CRITICAL: MONITOR_FATAL - request to https://oauth2.googleapis.com/token failed, reason: self-signed certificate in certificate chain
2026-03-12 20:46:01: CRITICAL: MONITOR_FATAL - request to https://oauth2.googleapis.com/token failed, reason: self-signed certificate in certificate chain
2026-03-12 20:46:07: CRITICAL: MONITOR_FATAL - request to https://oauth2.googleapis.com/token failed, reason: self-signed certificate in certificate chain
2026-03-12 20:46:13: CRITICAL: MONITOR_FATAL - request to https://oauth2.googleapis.com/token failed, reason: self-signed certificate in certificate chain
2026-03-12 20:57:58: (node:31) Warning: Setting the NODE_TLS_REJECT_UNAUTHORIZED environment variable to '0' makes TLS connections and HTTPS requests insecure by disabling certificate verification.
2026-03-12 20:57:58: (Use `node --trace-warnings ...` to show where the warning was created)
2026-03-12 22:33:06: (node:31) Warning: Setting the NODE_TLS_REJECT_UNAUTHORIZED environment variable to '0' makes TLS connections and HTTPS requests insecure by disabling certificate verification.
2026-03-12 22:33:06: (Use `node --trace-warnings ...` to show where the warning was created)
2026-03-12 22:33:14: Error: getaddrinfo EAI_AGAIN redis
2026-03-12 22:33:14:     at GetAddrInfoReqWrap.onlookupall [as oncomplete] (node:dns:122:26) {
2026-03-12 22:33:14:   errno: -3001,
2026-03-12 22:33:14:   code: 'EAI_AGAIN',
2026-03-12 22:33:14:   syscall: 'getaddrinfo',
2026-03-12 22:33:14:   hostname: 'redis'
2026-03-12 22:33:14: }
2026-03-12 22:33:22: Error: getaddrinfo EAI_AGAIN redis
2026-03-12 22:33:22:     at GetAddrInfoReqWrap.onlookupall [as oncomplete] (node:dns:122:26) {
2026-03-12 22:33:22:   errno: -3001,
2026-03-12 22:33:22:   code: 'EAI_AGAIN',
2026-03-12 22:33:22:   syscall: 'getaddrinfo',
2026-03-12 22:33:22:   hostname: 'redis'
2026-03-12 22:33:22: }
2026-03-12 22:33:30: Error: getaddrinfo EAI_AGAIN redis
2026-03-12 22:33:30:     at GetAddrInfoReqWrap.onlookupall [as oncomplete] (node:dns:122:26) {
2026-03-12 22:33:30:   errno: -3001,
2026-03-12 22:33:30:   code: 'EAI_AGAIN',
2026-03-12 22:33:30:   syscall: 'getaddrinfo',
2026-03-12 22:33:30:   hostname: 'redis'
2026-03-12 22:33:30: }
2026-03-12 22:33:38: Error: getaddrinfo EAI_AGAIN redis
2026-03-12 22:33:38:     at GetAddrInfoReqWrap.onlookupall [as oncomplete] (node:dns:122:26) {
2026-03-12 22:33:38:   errno: -3001,
2026-03-12 22:33:38:   code: 'EAI_AGAIN',
2026-03-12 22:33:38:   syscall: 'getaddrinfo',
2026-03-12 22:33:38:   hostname: 'redis'
2026-03-12 22:33:38: }
2026-03-12 22:33:47: Error: getaddrinfo EAI_AGAIN redis
2026-03-12 22:33:47:     at GetAddrInfoReqWrap.onlookupall [as oncomplete] (node:dns:122:26) {
2026-03-12 22:33:47:   errno: -3001,
2026-03-12 22:33:47:   code: 'EAI_AGAIN',
2026-03-12 22:33:47:   syscall: 'getaddrinfo',
2026-03-12 22:33:47:   hostname: 'redis'
2026-03-12 22:33:47: }
2026-03-12 22:33:55: Error: getaddrinfo EAI_AGAIN redis
2026-03-12 22:33:55:     at GetAddrInfoReqWrap.onlookupall [as oncomplete] (node:dns:122:26) {
2026-03-12 22:33:55:   errno: -3001,
2026-03-12 22:33:55:   code: 'EAI_AGAIN',
2026-03-12 22:33:55:   syscall: 'getaddrinfo',
2026-03-12 22:33:55:   hostname: 'redis'
2026-03-12 22:33:55: }
2026-03-12 22:34:03: Error: getaddrinfo EAI_AGAIN redis
2026-03-12 22:34:03:     at GetAddrInfoReqWrap.onlookupall [as oncomplete] (node:dns:122:26) {
2026-03-12 22:34:03:   errno: -3001,
2026-03-12 22:34:03:   code: 'EAI_AGAIN',
2026-03-12 22:34:03:   syscall: 'getaddrinfo',
2026-03-12 22:34:03:   hostname: 'redis'
2026-03-12 22:34:03: }
2026-03-12 22:34:12: Error: getaddrinfo EAI_AGAIN redis
2026-03-12 22:34:12:     at GetAddrInfoReqWrap.onlookupall [as oncomplete] (node:dns:122:26) {
2026-03-12 22:34:12:   errno: -3001,
2026-03-12 22:34:12:   code: 'EAI_AGAIN',
2026-03-12 22:34:12:   syscall: 'getaddrinfo',
2026-03-12 22:34:12:   hostname: 'redis'
2026-03-12 22:34:12: }
2026-03-12 22:34:20: Error: getaddrinfo EAI_AGAIN redis
2026-03-12 22:34:20:     at GetAddrInfoReqWrap.onlookupall [as oncomplete] (node:dns:122:26) {
2026-03-12 22:34:20:   errno: -3001,
2026-03-12 22:34:20:   code: 'EAI_AGAIN',
2026-03-12 22:34:20:   syscall: 'getaddrinfo',
2026-03-12 22:34:20:   hostname: 'redis'
2026-03-12 22:34:20: }
2026-03-12 22:42:52: (node:30) Warning: Setting the NODE_TLS_REJECT_UNAUTHORIZED environment variable to '0' makes TLS connections and HTTPS requests insecure by disabling certificate verification.
2026-03-12 22:42:52: (Use `node --trace-warnings ...` to show where the warning was created)
2026-03-12 22:50:29: (node:30) Warning: Setting the NODE_TLS_REJECT_UNAUTHORIZED environment variable to '0' makes TLS connections and HTTPS requests insecure by disabling certificate verification.
2026-03-12 22:50:29: (Use `node --trace-warnings ...` to show where the warning was created)
2026-03-12 22:55:28: (node:30) Warning: Setting the NODE_TLS_REJECT_UNAUTHORIZED environment variable to '0' makes TLS connections and HTTPS requests insecure by disabling certificate verification.
2026-03-12 22:55:28: (Use `node --trace-warnings ...` to show where the warning was created)
2026-03-12 22:57:40: (node:30) Warning: Setting the NODE_TLS_REJECT_UNAUTHORIZED environment variable to '0' makes TLS connections and HTTPS requests insecure by disabling certificate verification.
2026-03-12 22:57:40: (Use `node --trace-warnings ...` to show where the warning was created)
