2026-03-10 07:25:27: [dotenv@17.2.4] injecting env (0) from .env -- tip: 📡 add observability to secrets: https://dotenvx.com/ops
2026-03-10 07:25:27: [dotenv@17.2.4] injecting env (0) from .env -- tip: 🗂️ backup and recover secrets: https://dotenvx.com/ops
2026-03-10 07:25:27: [dotenv@17.2.4] injecting env (0) from .env -- tip: ✅ audit secrets and track compliance: https://dotenvx.com/ops
2026-03-10 07:25:27: [dotenv@17.2.4] injecting env (0) from .env -- tip: ⚙️  enable debug logging with { debug: true }
2026-03-10 07:25:27: [dotenv@17.2.4] injecting env (0) from .env -- tip: ⚙️  load multiple .env files with { path: ['.env.local', '.env'] }
2026-03-10 07:25:27: INFO: STARTUP - API PDF Split inicializada
2026-03-10 07:25:27: INFO: CONFIG - Puerto: 3010 | Node_Env: production
2026-03-10 07:25:27: INFO: MONITOR - Iniciando polling de Google Drive cada 4000ms
2026-03-10 07:25:27: INFO: AUTH_SUCCESS - Sesión de Google Drive recuperada desde token.json
2026-03-10 07:25:27: INFO: DRIVE_READY - Cliente de Google Drive inicializado
2026-03-10 07:28:52: INFO: PROCESSING_FILE - Name: ilovepdf_merged.pdf
2026-03-10 07:28:56: INFO: DRIVE_DOWNLOAD - File: 1u4LjGWJM8Wt0F1_gI-cMG7vsiMs01_M9 | Dest: pre-1u4LjGWJM8Wt0F1_gI-cMG7vsiMs01_M9.pdf
2026-03-10 07:28:56: INFO: RENDER_START - Mode: COVER_ONLY | File: job-pre-1u4LjGWJM8Wt0F1_gI-cMG7vsiMs01_M9.pdf
2026-03-10 07:28:57: INFO: AUTH_SUCCESS - Sesión de Google Drive recuperada desde token.json
2026-03-10 07:28:57: INFO: SHEETS_READY - Cliente de Google Sheets inicializado
2026-03-10 07:28:58: INFO: DRIVE_MOVE - File: 1u4LjGWJM8Wt0F1_gI-cMG7vsiMs01_M9 | Target_Folder: 1f6DEUzg5-D-NraANU5WyYZzeuVCoW7Hc
2026-03-10 07:28:58: INFO: COMPLETED - File: ilovepdf_merged.pdf | ID: CAR_1231243423_Actualización de datos P. Natural_260309015101 | Ticket: 3
2026-03-10 07:28:59: INFO: SHEETS_UPDATE - Table: maestro | Cell: Caratulas_Maestro!L7 | Status: OK
2026-03-10 07:29:00: INFO: SHEETS_UPDATE - Table: monitoreo | Cell: Monitoreo_Ticket!B2 | Status: OK
2026-03-10 07:45:31: [dotenv@17.2.4] injecting env (0) from .env -- tip: ⚙️  specify custom .env file path with { path: '/custom/path/.env' }
2026-03-10 07:45:31: [dotenv@17.2.4] injecting env (0) from .env -- tip: 🛠️  run anywhere with `dotenvx run -- yourcommand`
2026-03-10 07:45:31: [dotenv@17.2.4] injecting env (0) from .env -- tip: 📡 add observability to secrets: https://dotenvx.com/ops
2026-03-10 07:45:31: [dotenv@17.2.4] injecting env (0) from .env -- tip: ⚙️  override existing env vars with { override: true }
2026-03-10 07:45:31: [dotenv@17.2.4] injecting env (0) from .env -- tip: 🔐 prevent building .env in docker: https://dotenvx.com/prebuild
2026-03-10 07:45:31: INFO: STARTUP - API PDF Split inicializada
2026-03-10 07:45:31: INFO: CONFIG - Puerto: 3010 | Node_Env: production
2026-03-10 07:45:31: INFO: MONITOR - Iniciando polling de Google Drive cada 4000ms
2026-03-10 07:46:01: INFO: PROCESSING_FILE - Name: ilovepdf_merged.pdf
2026-03-10 07:46:05: INFO: RENDER_START - Mode: COVER_ONLY | File: job-pre-1u4LjGWJM8Wt0F1_gI-cMG7vsiMs01_M9.pdf
2026-03-10 07:46:08: INFO: COMPLETED - File: ilovepdf_merged.pdf | ID: CAR_1231243423_Actualización de datos P. Natural_260309015101 | Ticket: 4
2026-03-10 07:46:08: INFO: SHEETS_REUSE - no conectado de Google Sheets
2026-03-10 07:46:08: INFO: SHEETS_UPDATE - Table: maestro | Cell: Caratulas_Maestro!L7 | Status: OK
2026-03-10 07:46:08: INFO: SHEETS_REUSE - no conectado de Google Sheets
2026-03-10 07:46:09: INFO: SHEETS_UPDATE - Table: monitoreo | Cell: Monitoreo_Ticket!B2 | Status: OK
2026-03-10 07:53:33: [dotenv@17.2.4] injecting env (0) from .env -- tip: 🔐 prevent committing .env to code: https://dotenvx.com/precommit
2026-03-10 07:53:33: [dotenv@17.2.4] injecting env (0) from .env -- tip: 🔐 prevent building .env in docker: https://dotenvx.com/prebuild
2026-03-10 07:53:34: [dotenv@17.2.4] injecting env (0) from .env -- tip: 🔐 prevent committing .env to code: https://dotenvx.com/precommit
2026-03-10 07:53:34: [dotenv@17.2.4] injecting env (0) from .env -- tip: ⚙️  override existing env vars with { override: true }
2026-03-10 07:53:34: [dotenv@17.2.4] injecting env (0) from .env -- tip: 🛠️  run anywhere with `dotenvx run -- yourcommand`
2026-03-10 07:53:34: INFO: STARTUP - API PDF Split inicializada
2026-03-10 07:53:34: INFO: CONFIG - Puerto: 3010 | Node_Env: production
2026-03-10 07:53:34: INFO: MONITOR - Iniciando polling de Google Drive cada 4000ms
2026-03-10 07:55:11: INFO: PROCESSING_FILE - Name: ilovepdf_merged.pdf
2026-03-10 07:55:15: INFO: RENDER_START - Mode: COVER_ONLY | File: job-pre-1u4LjGWJM8Wt0F1_gI-cMG7vsiMs01_M9.pdf
2026-03-10 07:55:15: INFO: SHEETS_READY - Cliente de Google Sheets inicializado
2026-03-10 07:55:17: INFO: COMPLETED - File: ilovepdf_merged.pdf | ID: CAR_1231243423_Actualización de datos P. Natural_260309015101 | Ticket: 5
